[0.078s] DEBUG:colcon:Command line arguments: ['/usr/bin/colcon', 'build']
[0.078s] DEBUG:colcon:Parsed command line arguments: Namespace(log_base=None, log_level=None, verb_name='build', build_base='build', install_base='install', merge_install=False, symlink_install=False, test_result_base=None, continue_on_error=False, executor='parallel', parallel_workers=4, event_handlers=None, ignore_user_meta=False, metas=['./colcon.meta'], base_paths=['.'], packages_ignore=None, packages_ignore_regex=None, paths=None, packages_up_to=None, packages_up_to_regex=None, packages_above=None, packages_above_and_dependencies=None, packages_above_depth=None, packages_select_by_dep=None, packages_skip_by_dep=None, packages_skip_up_to=None, packages_select_build_failed=False, packages_skip_build_finished=False, packages_select_test_failures=False, packages_skip_test_passed=False, packages_select=None, packages_skip=None, packages_select_regex=None, packages_skip_regex=None, packages_start=None, packages_end=None, allow_overriding=[], cmake_args=None, cmake_target=None, cmake_target_skip_unavailable=False, cmake_clean_cache=False, cmake_clean_first=False, cmake_force_configure=False, ament_cmake_args=None, catkin_cmake_args=None, catkin_skip_building_tests=False, verb_parser=<colcon_defaults.argument_parser.defaults.DefaultArgumentsDecorator object at 0xf88b1ce109e0>, verb_extension=<colcon_core.verb.build.BuildVerb object at 0xf88b1ce10800>, main=<bound method BuildVerb.main of <colcon_core.verb.build.BuildVerb object at 0xf88b1ce10800>>)
[0.116s] Level 1:colcon.colcon_core.package_discovery:discover_packages(colcon_meta) check parameters
[0.116s] Level 1:colcon.colcon_core.package_discovery:discover_packages(recursive) check parameters
[0.116s] Level 1:colcon.colcon_core.package_discovery:discover_packages(ignore) check parameters
[0.116s] Level 1:colcon.colcon_core.package_discovery:discover_packages(path) check parameters
[0.116s] Level 1:colcon.colcon_core.package_discovery:discover_packages(colcon_meta) discover
[0.116s] Level 1:colcon.colcon_core.package_discovery:discover_packages(recursive) discover
[0.116s] INFO:colcon.colcon_core.package_discovery:Crawling recursively for packages in '/home/ethan/Desktop/LABA_ALONE/ros2_ws'
[0.116s] Level 1:colcon.colcon_core.package_identification:_identify(.) by extensions ['ignore', 'ignore_ament_install']
[0.116s] Level 1:colcon.colcon_core.package_identification:_identify(.) by extension 'ignore'
[0.116s] Level 1:colcon.colcon_core.package_identification:_identify(.) by extension 'ignore_ament_install'
[0.117s] Level 1:colcon.colcon_core.package_identification:_identify(.) by extensions ['colcon_pkg']
[0.117s] Level 1:colcon.colcon_core.package_identification:_identify(.) by extension 'colcon_pkg'
[0.117s] Level 1:colcon.colcon_core.package_identification:_identify(.) by extensions ['colcon_meta']
[0.117s] Level 1:colcon.colcon_core.package_identification:_identify(.) by extension 'colcon_meta'
[0.117s] Level 1:colcon.colcon_core.package_identification:_identify(.) by extensions ['ros']
[0.117s] Level 1:colcon.colcon_core.package_identification:_identify(.) by extension 'ros'
[0.147s] Level 1:colcon.colcon_core.package_identification:_identify(.) by extensions ['cmake', 'python']
[0.147s] Level 1:colcon.colcon_core.package_identification:_identify(.) by extension 'cmake'
[0.147s] Level 1:colcon.colcon_core.package_identification:_identify(.) by extension 'python'
[0.147s] Level 1:colcon.colcon_core.package_identification:_identify(.) by extensions ['python_setup_py']
[0.147s] Level 1:colcon.colcon_core.package_identification:_identify(.) by extension 'python_setup_py'
[0.148s] Level 1:colcon.colcon_core.package_identification:_identify(build) by extensions ['ignore', 'ignore_ament_install']
[0.148s] Level 1:colcon.colcon_core.package_identification:_identify(build) by extension 'ignore'
[0.148s] Level 1:colcon.colcon_core.package_identification:_identify(build) ignored
[0.148s] Level 1:colcon.colcon_core.package_identification:_identify(install) by extensions ['ignore', 'ignore_ament_install']
[0.148s] Level 1:colcon.colcon_core.package_identification:_identify(install) by extension 'ignore'
[0.148s] Level 1:colcon.colcon_core.package_identification:_identify(install) ignored
[0.148s] Level 1:colcon.colcon_core.package_identification:_identify(log) by extensions ['ignore', 'ignore_ament_install']
[0.148s] Level 1:colcon.colcon_core.package_identification:_identify(log) by extension 'ignore'
[0.149s] Level 1:colcon.colcon_core.package_identification:_identify(log) ignored
[0.149s] Level 1:colcon.colcon_core.package_identification:_identify(src) by extensions ['ignore', 'ignore_ament_install']
[0.149s] Level 1:colcon.colcon_core.package_identification:_identify(src) by extension 'ignore'
[0.149s] Level 1:colcon.colcon_core.package_identification:_identify(src) by extension 'ignore_ament_install'
[0.149s] Level 1:colcon.colcon_core.package_identification:_identify(src) by extensions ['colcon_pkg']
[0.149s] Level 1:colcon.colcon_core.package_identification:_identify(src) by extension 'colcon_pkg'
[0.149s] Level 1:colcon.colcon_core.package_identification:_identify(src) by extensions ['colcon_meta']
[0.149s] Level 1:colcon.colcon_core.package_identification:_identify(src) by extension 'colcon_meta'
[0.149s] Level 1:colcon.colcon_core.package_identification:_identify(src) by extensions ['ros']
[0.149s] Level 1:colcon.colcon_core.package_identification:_identify(src) by extension 'ros'
[0.149s] Level 1:colcon.colcon_core.package_identification:_identify(src) by extensions ['cmake', 'python']
[0.149s] Level 1:colcon.colcon_core.package_identification:_identify(src) by extension 'cmake'
[0.149s] Level 1:colcon.colcon_core.package_identification:_identify(src) by extension 'python'
[0.149s] Level 1:colcon.colcon_core.package_identification:_identify(src) by extensions ['python_setup_py']
[0.149s] Level 1:colcon.colcon_core.package_identification:_identify(src) by extension 'python_setup_py'
[0.149s] Level 1:colcon.colcon_core.package_identification:_identify(src/phase3_teleop) by extensions ['ignore', 'ignore_ament_install']
[0.149s] Level 1:colcon.colcon_core.package_identification:_identify(src/phase3_teleop) by extension 'ignore'
[0.149s] Level 1:colcon.colcon_core.package_identification:_identify(src/phase3_teleop) by extension 'ignore_ament_install'
[0.150s] Level 1:colcon.colcon_core.package_identification:_identify(src/phase3_teleop) by extensions ['colcon_pkg']
[0.150s] Level 1:colcon.colcon_core.package_identification:_identify(src/phase3_teleop) by extension 'colcon_pkg'
[0.150s] Level 1:colcon.colcon_core.package_identification:_identify(src/phase3_teleop) by extensions ['colcon_meta']
[0.150s] Level 1:colcon.colcon_core.package_identification:_identify(src/phase3_teleop) by extension 'colcon_meta'
[0.150s] Level 1:colcon.colcon_core.package_identification:_identify(src/phase3_teleop) by extensions ['ros']
[0.150s] Level 1:colcon.colcon_core.package_identification:_identify(src/phase3_teleop) by extension 'ros'
[0.152s] DEBUG:colcon.colcon_core.package_identification:Package 'src/phase3_teleop' with type 'ros.ament_python' and name 'phase3_teleop'
[0.152s] Level 1:colcon.colcon_core.package_identification:_identify(src/robot_control) by extensions ['ignore', 'ignore_ament_install']
[0.152s] Level 1:colcon.colcon_core.package_identification:_identify(src/robot_control) by extension 'ignore'
[0.152s] Level 1:colcon.colcon_core.package_identification:_identify(src/robot_control) by extension 'ignore_ament_install'
[0.153s] Level 1:colcon.colcon_core.package_identification:_identify(src/robot_control) by extensions ['colcon_pkg']
[0.153s] Level 1:colcon.colcon_core.package_identification:_identify(src/robot_control) by extension 'colcon_pkg'
[0.153s] Level 1:colcon.colcon_core.package_identification:_identify(src/robot_control) by extensions ['colcon_meta']
[0.153s] Level 1:colcon.colcon_core.package_identification:_identify(src/robot_control) by extension 'colcon_meta'
[0.153s] Level 1:colcon.colcon_core.package_identification:_identify(src/robot_control) by extensions ['ros']
[0.153s] Level 1:colcon.colcon_core.package_identification:_identify(src/robot_control) by extension 'ros'
[0.153s] DEBUG:colcon.colcon_core.package_identification:Package 'src/robot_control' with type 'ros.ament_python' and name 'robot_control'
[0.153s] Level 1:colcon.colcon_core.package_discovery:discover_packages(recursive) using defaults
[0.154s] Level 1:colcon.colcon_core.package_discovery:discover_packages(ignore) discover
[0.154s] Level 1:colcon.colcon_core.package_discovery:discover_packages(ignore) using defaults
[0.154s] Level 1:colcon.colcon_core.package_discovery:discover_packages(path) discover
[0.154s] Level 1:colcon.colcon_core.package_discovery:discover_packages(path) using defaults
[0.190s] Level 1:colcon.colcon_core.package_discovery:discover_packages(prefix_path) check parameters
[0.190s] Level 1:colcon.colcon_core.package_discovery:discover_packages(prefix_path) discover
[0.192s] DEBUG:colcon.colcon_installed_package_information.package_discovery:Found 319 installed packages in /opt/ros/jazzy
[0.193s] Level 1:colcon.colcon_core.package_discovery:discover_packages(prefix_path) using defaults
[0.229s] Level 5:colcon.colcon_core.verb:set package 'phase3_teleop' build argument 'cmake_args' from command line to 'None'
[0.230s] Level 5:colcon.colcon_core.verb:set package 'phase3_teleop' build argument 'cmake_target' from command line to 'None'
[0.230s] Level 5:colcon.colcon_core.verb:set package 'phase3_teleop' build argument 'cmake_target_skip_unavailable' from command line to 'False'
[0.230s] Level 5:colcon.colcon_core.verb:set package 'phase3_teleop' build argument 'cmake_clean_cache' from command line to 'False'
[0.230s] Level 5:colcon.colcon_core.verb:set package 'phase3_teleop' build argument 'cmake_clean_first' from command line to 'False'
[0.230s] Level 5:colcon.colcon_core.verb:set package 'phase3_teleop' build argument 'cmake_force_configure' from command line to 'False'
[0.230s] Level 5:colcon.colcon_core.verb:set package 'phase3_teleop' build argument 'ament_cmake_args' from command line to 'None'
[0.230s] Level 5:colcon.colcon_core.verb:set package 'phase3_teleop' build argument 'catkin_cmake_args' from command line to 'None'
[0.230s] Level 5:colcon.colcon_core.verb:set package 'phase3_teleop' build argument 'catkin_skip_building_tests' from command line to 'False'
[0.230s] DEBUG:colcon.colcon_core.verb:Building package 'phase3_teleop' with the following arguments: {'ament_cmake_args': None, 'build_base': '/home/ethan/Desktop/LABA_ALONE/ros2_ws/build/phase3_teleop', 'catkin_cmake_args': None, 'catkin_skip_building_tests': False, 'cmake_args': None, 'cmake_clean_cache': False, 'cmake_clean_first': False, 'cmake_force_configure': False, 'cmake_target': None, 'cmake_target_skip_unavailable': False, 'install_base': '/home/ethan/Desktop/LABA_ALONE/ros2_ws/install/phase3_teleop', 'merge_install': False, 'path': '/home/ethan/Desktop/LABA_ALONE/ros2_ws/src/phase3_teleop', 'symlink_install': False, 'test_result_base': None}
[0.230s] Level 5:colcon.colcon_core.verb:set package 'robot_control' build argument 'cmake_args' from command line to 'None'
[0.230s] Level 5:colcon.colcon_core.verb:set package 'robot_control' build argument 'cmake_target' from command line to 'None'
[0.230s] Level 5:colcon.colcon_core.verb:set package 'robot_control' build argument 'cmake_target_skip_unavailable' from command line to 'False'
[0.231s] Level 5:colcon.colcon_core.verb:set package 'robot_control' build argument 'cmake_clean_cache' from command line to 'False'
[0.231s] Level 5:colcon.colcon_core.verb:set package 'robot_control' build argument 'cmake_clean_first' from command line to 'False'
[0.231s] Level 5:colcon.colcon_core.verb:set package 'robot_control' build argument 'cmake_force_configure' from command line to 'False'
[0.231s] Level 5:colcon.colcon_core.verb:set package 'robot_control' build argument 'ament_cmake_args' from command line to 'None'
[0.231s] Level 5:colcon.colcon_core.verb:set package 'robot_control' build argument 'catkin_cmake_args' from command line to 'None'
[0.231s] Level 5:colcon.colcon_core.verb:set package 'robot_control' build argument 'catkin_skip_building_tests' from command line to 'False'
[0.231s] DEBUG:colcon.colcon_core.verb:Building package 'robot_control' with the following arguments: {'ament_cmake_args': None, 'build_base': '/home/ethan/Desktop/LABA_ALONE/ros2_ws/build/robot_control', 'catkin_cmake_args': None, 'catkin_skip_building_tests': False, 'cmake_args': None, 'cmake_clean_cache': False, 'cmake_clean_first': False, 'cmake_force_configure': False, 'cmake_target': None, 'cmake_target_skip_unavailable': False, 'install_base': '/home/ethan/Desktop/LABA_ALONE/ros2_ws/install/robot_control', 'merge_install': False, 'path': '/home/ethan/Desktop/LABA_ALONE/ros2_ws/src/robot_control', 'symlink_install': False, 'test_result_base': None}
[0.231s] INFO:colcon.colcon_core.executor:Executing jobs using 'parallel' executor
[0.232s] DEBUG:colcon.colcon_parallel_executor.executor.parallel:run_until_complete
[0.232s] INFO:colcon.colcon_ros.task.ament_python.build:Building ROS package in '/home/ethan/Desktop/LABA_ALONE/ros2_ws/src/phase3_teleop' with build type 'ament_python'
[0.232s] Level 1:colcon.colcon_core.shell:create_environment_hook('phase3_teleop', 'ament_prefix_path')
[0.233s] INFO:colcon.colcon_core.plugin_system:Skipping extension 'colcon_core.shell.bat': Not used on non-Windows systems
[0.233s] INFO:colcon.colcon_core.shell:Creating environment hook '/home/ethan/Desktop/LABA_ALONE/ros2_ws/install/phase3_teleop/share/phase3_teleop/hook/ament_prefix_path.ps1'
[0.234s] INFO:colcon.colcon_core.shell:Creating environment descriptor '/home/ethan/Desktop/LABA_ALONE/ros2_ws/install/phase3_teleop/share/phase3_teleop/hook/ament_prefix_path.dsv'
[0.236s] INFO:colcon.colcon_core.shell:Creating environment hook '/home/ethan/Desktop/LABA_ALONE/ros2_ws/install/phase3_teleop/share/phase3_teleop/hook/ament_prefix_path.sh'
[0.236s] INFO:colcon.colcon_core.shell:Skip shell extension 'powershell' for command environment: Not usable outside of PowerShell
[0.236s] DEBUG:colcon.colcon_core.shell:Skip shell extension 'dsv' for command environment
[0.239s] INFO:colcon.colcon_ros.task.ament_python.build:Building ROS package in '/home/ethan/Desktop/LABA_ALONE/ros2_ws/src/robot_control' with build type 'ament_python'
[0.239s] Level 1:colcon.colcon_core.shell:create_environment_hook('robot_control', 'ament_prefix_path')
[0.240s] INFO:colcon.colcon_core.shell:Creating environment hook '/home/ethan/Desktop/LABA_ALONE/ros2_ws/install/robot_control/share/robot_control/hook/ament_prefix_path.ps1'
[0.240s] INFO:colcon.colcon_core.shell:Creating environment descriptor '/home/ethan/Desktop/LABA_ALONE/ros2_ws/install/robot_control/share/robot_control/hook/ament_prefix_path.dsv'
[0.241s] INFO:colcon.colcon_core.shell:Creating environment hook '/home/ethan/Desktop/LABA_ALONE/ros2_ws/install/robot_control/share/robot_control/hook/ament_prefix_path.sh'
[0.241s] INFO:colcon.colcon_core.shell:Skip shell extension 'powershell' for command environment: Not usable outside of PowerShell
[0.241s] DEBUG:colcon.colcon_core.shell:Skip shell extension 'dsv' for command environment
[0.428s] INFO:colcon.colcon_core.task.python.build:Building Python package in '/home/ethan/Desktop/LABA_ALONE/ros2_ws/src/phase3_teleop'
[0.429s] INFO:colcon.colcon_core.shell:Skip shell extension 'powershell' for command environment: Not usable outside of PowerShell
[0.429s] DEBUG:colcon.colcon_core.shell:Skip shell extension 'dsv' for command environment
[0.603s] INFO:colcon.colcon_core.task.python.build:Building Python package in '/home/ethan/Desktop/LABA_ALONE/ros2_ws/src/robot_control'
[0.603s] INFO:colcon.colcon_core.shell:Skip shell extension 'powershell' for command environment: Not usable outside of PowerShell
[0.603s] DEBUG:colcon.colcon_core.shell:Skip shell extension 'dsv' for command environment
[1.183s] DEBUG:colcon.colcon_core.event_handler.log_command:Invoking command in '/home/ethan/Desktop/LABA_ALONE/ros2_ws/src/robot_control': DEBUGINFOD_URLS=https://debuginfod.ubuntu.com PYTHONPATH=/home/ethan/Desktop/LABA_ALONE/ros2_ws/build/robot_control/prefix_override:/usr/lib/python3/dist-packages/colcon_core/task/python/colcon_distutils_commands:/home/ethan/Desktop/LABA_ALONE/ros2_ws/install/robot_control/lib/python3.12/site-packages:${PYTHONPATH} /usr/bin/python3 -W ignore:setup.py install is deprecated -W ignore:easy_install command is deprecated setup.py egg_info --egg-base ../../build/robot_control build --build-base /home/ethan/Desktop/LABA_ALONE/ros2_ws/build/robot_control/build install --record /home/ethan/Desktop/LABA_ALONE/ros2_ws/build/robot_control/install.log --single-version-externally-managed install_data
[1.190s] DEBUG:colcon.colcon_core.event_handler.log_command:Invoking command in '/home/ethan/Desktop/LABA_ALONE/ros2_ws/src/phase3_teleop': DEBUGINFOD_URLS=https://debuginfod.ubuntu.com PYTHONPATH=/home/ethan/Desktop/LABA_ALONE/ros2_ws/build/phase3_teleop/prefix_override:/usr/lib/python3/dist-packages/colcon_core/task/python/colcon_distutils_commands:/home/ethan/Desktop/LABA_ALONE/ros2_ws/install/phase3_teleop/lib/python3.12/site-packages:${PYTHONPATH} /usr/bin/python3 -W ignore:setup.py install is deprecated -W ignore:easy_install command is deprecated setup.py egg_info --egg-base ../../build/phase3_teleop build --build-base /home/ethan/Desktop/LABA_ALONE/ros2_ws/build/phase3_teleop/build install --record /home/ethan/Desktop/LABA_ALONE/ros2_ws/build/phase3_teleop/install.log --single-version-externally-managed install_data
[1.708s] DEBUG:colcon.colcon_core.event_handler.log_command:Invoked command in '/home/ethan/Desktop/LABA_ALONE/ros2_ws/src/robot_control' returned '0': DEBUGINFOD_URLS=https://debuginfod.ubuntu.com PYTHONPATH=/home/ethan/Desktop/LABA_ALONE/ros2_ws/build/robot_control/prefix_override:/usr/lib/python3/dist-packages/colcon_core/task/python/colcon_distutils_commands:/home/ethan/Desktop/LABA_ALONE/ros2_ws/install/robot_control/lib/python3.12/site-packages:${PYTHONPATH} /usr/bin/python3 -W ignore:setup.py install is deprecated -W ignore:easy_install command is deprecated setup.py egg_info --egg-base ../../build/robot_control build --build-base /home/ethan/Desktop/LABA_ALONE/ros2_ws/build/robot_control/build install --record /home/ethan/Desktop/LABA_ALONE/ros2_ws/build/robot_control/install.log --single-version-externally-managed install_data
[1.712s] Level 1:colcon.colcon_core.environment:checking '/home/ethan/Desktop/LABA_ALONE/ros2_ws/install/robot_control' for CMake module files
[1.712s] Level 1:colcon.colcon_core.environment:checking '/home/ethan/Desktop/LABA_ALONE/ros2_ws/install/robot_control' for CMake config files
[1.713s] Level 1:colcon.colcon_core.environment:checking '/home/ethan/Desktop/LABA_ALONE/ros2_ws/install/robot_control/lib'
[1.713s] Level 1:colcon.colcon_core.environment:checking '/home/ethan/Desktop/LABA_ALONE/ros2_ws/install/robot_control/bin'
[1.713s] Level 1:colcon.colcon_core.environment:checking '/home/ethan/Desktop/LABA_ALONE/ros2_ws/install/robot_control/lib/pkgconfig/robot_control.pc'
[1.713s] Level 1:colcon.colcon_core.environment:checking '/home/ethan/Desktop/LABA_ALONE/ros2_ws/install/robot_control/lib/python3.12/site-packages'
[1.713s] Level 1:colcon.colcon_core.shell:create_environment_hook('robot_control', 'pythonpath')
[1.714s] INFO:colcon.colcon_core.shell:Creating environment hook '/home/ethan/Desktop/LABA_ALONE/ros2_ws/install/robot_control/share/robot_control/hook/pythonpath.ps1'
[1.715s] INFO:colcon.colcon_core.shell:Creating environment descriptor '/home/ethan/Desktop/LABA_ALONE/ros2_ws/install/robot_control/share/robot_control/hook/pythonpath.dsv'
[1.715s] INFO:colcon.colcon_core.shell:Creating environment hook '/home/ethan/Desktop/LABA_ALONE/ros2_ws/install/robot_control/share/robot_control/hook/pythonpath.sh'
[1.716s] Level 1:colcon.colcon_core.environment:checking '/home/ethan/Desktop/LABA_ALONE/ros2_ws/install/robot_control/bin'
[1.716s] Level 1:colcon.colcon_core.environment:create_environment_scripts_only(robot_control)
[1.716s] INFO:colcon.colcon_core.shell:Creating package script '/home/ethan/Desktop/LABA_ALONE/ros2_ws/install/robot_control/share/robot_control/package.ps1'
[1.717s] INFO:colcon.colcon_core.shell:Creating package descriptor '/home/ethan/Desktop/LABA_ALONE/ros2_ws/install/robot_control/share/robot_control/package.dsv'
[1.717s] INFO:colcon.colcon_core.shell:Creating package script '/home/ethan/Desktop/LABA_ALONE/ros2_ws/install/robot_control/share/robot_control/package.sh'
[1.718s] INFO:colcon.colcon_core.shell:Creating package script '/home/ethan/Desktop/LABA_ALONE/ros2_ws/install/robot_control/share/robot_control/package.bash'
[1.718s] INFO:colcon.colcon_core.shell:Creating package script '/home/ethan/Desktop/LABA_ALONE/ros2_ws/install/robot_control/share/robot_control/package.zsh'
[1.719s] Level 1:colcon.colcon_core.environment:create_file_with_runtime_dependencies(/home/ethan/Desktop/LABA_ALONE/ros2_ws/install/robot_control/share/colcon-core/packages/robot_control)
[1.721s] Level 1:colcon.colcon_core.environment:checking '/home/ethan/Desktop/LABA_ALONE/ros2_ws/install/phase3_teleop' for CMake module files
[1.721s] Level 1:colcon.colcon_core.environment:checking '/home/ethan/Desktop/LABA_ALONE/ros2_ws/install/phase3_teleop' for CMake config files
[1.721s] Level 1:colcon.colcon_core.environment:checking '/home/ethan/Desktop/LABA_ALONE/ros2_ws/install/phase3_teleop/lib'
[1.721s] Level 1:colcon.colcon_core.environment:checking '/home/ethan/Desktop/LABA_ALONE/ros2_ws/install/phase3_teleop/bin'
[1.721s] Level 1:colcon.colcon_core.environment:checking '/home/ethan/Desktop/LABA_ALONE/ros2_ws/install/phase3_teleop/lib/pkgconfig/phase3_teleop.pc'
[1.722s] Level 1:colcon.colcon_core.environment:checking '/home/ethan/Desktop/LABA_ALONE/ros2_ws/install/phase3_teleop/lib/python3.12/site-packages'
[1.722s] Level 1:colcon.colcon_core.shell:create_environment_hook('phase3_teleop', 'pythonpath')
[1.722s] INFO:colcon.colcon_core.shell:Creating environment hook '/home/ethan/Desktop/LABA_ALONE/ros2_ws/install/phase3_teleop/share/phase3_teleop/hook/pythonpath.ps1'
[1.723s] DEBUG:colcon.colcon_core.event_handler.log_command:Invoked command in '/home/ethan/Desktop/LABA_ALONE/ros2_ws/src/phase3_teleop' returned '0': DEBUGINFOD_URLS=https://debuginfod.ubuntu.com PYTHONPATH=/home/ethan/Desktop/LABA_ALONE/ros2_ws/build/phase3_teleop/prefix_override:/usr/lib/python3/dist-packages/colcon_core/task/python/colcon_distutils_commands:/home/ethan/Desktop/LABA_ALONE/ros2_ws/install/phase3_teleop/lib/python3.12/site-packages:${PYTHONPATH} /usr/bin/python3 -W ignore:setup.py install is deprecated -W ignore:easy_install command is deprecated setup.py egg_info --egg-base ../../build/phase3_teleop build --build-base /home/ethan/Desktop/LABA_ALONE/ros2_ws/build/phase3_teleop/build install --record /home/ethan/Desktop/LABA_ALONE/ros2_ws/build/phase3_teleop/install.log --single-version-externally-managed install_data
[1.723s] INFO:colcon.colcon_core.shell:Creating environment descriptor '/home/ethan/Desktop/LABA_ALONE/ros2_ws/install/phase3_teleop/share/phase3_teleop/hook/pythonpath.dsv'
[1.724s] INFO:colcon.colcon_core.shell:Creating environment hook '/home/ethan/Desktop/LABA_ALONE/ros2_ws/install/phase3_teleop/share/phase3_teleop/hook/pythonpath.sh'
[1.725s] Level 1:colcon.colcon_core.environment:checking '/home/ethan/Desktop/LABA_ALONE/ros2_ws/install/phase3_teleop/bin'
[1.725s] Level 1:colcon.colcon_core.environment:create_environment_scripts_only(phase3_teleop)
[1.725s] INFO:colcon.colcon_core.shell:Creating package script '/home/ethan/Desktop/LABA_ALONE/ros2_ws/install/phase3_teleop/share/phase3_teleop/package.ps1'
[1.725s] INFO:colcon.colcon_core.shell:Creating package descriptor '/home/ethan/Desktop/LABA_ALONE/ros2_ws/install/phase3_teleop/share/phase3_teleop/package.dsv'
[1.726s] INFO:colcon.colcon_core.shell:Creating package script '/home/ethan/Desktop/LABA_ALONE/ros2_ws/install/phase3_teleop/share/phase3_teleop/package.sh'
[1.726s] INFO:colcon.colcon_core.shell:Creating package script '/home/ethan/Desktop/LABA_ALONE/ros2_ws/install/phase3_teleop/share/phase3_teleop/package.bash'
[1.726s] INFO:colcon.colcon_core.shell:Creating package script '/home/ethan/Desktop/LABA_ALONE/ros2_ws/install/phase3_teleop/share/phase3_teleop/package.zsh'
[1.727s] Level 1:colcon.colcon_core.environment:create_file_with_runtime_dependencies(/home/ethan/Desktop/LABA_ALONE/ros2_ws/install/phase3_teleop/share/colcon-core/packages/phase3_teleop)
[1.727s] DEBUG:colcon.colcon_parallel_executor.executor.parallel:closing loop
[1.727s] DEBUG:colcon.colcon_parallel_executor.executor.parallel:loop closed
[1.729s] DEBUG:colcon.colcon_parallel_executor.executor.parallel:run_until_complete finished with '0'
[1.729s] DEBUG:colcon.colcon_core.event_reactor:joining thread
[1.738s] INFO:colcon.colcon_core.plugin_system:Skipping extension 'colcon_notification.desktop_notification.terminal_notifier': Not used on non-Darwin systems
[1.738s] INFO:colcon.colcon_core.plugin_system:Skipping extension 'colcon_notification.desktop_notification.win32': Not used on non-Windows systems
[1.738s] INFO:colcon.colcon_notification.desktop_notification:Sending desktop notification using 'notify2'
[1.831s] DEBUG:colcon.colcon_core.event_reactor:joined thread
[1.831s] INFO:colcon.colcon_core.shell:Creating prefix script '/home/ethan/Desktop/LABA_ALONE/ros2_ws/install/local_setup.ps1'
[1.832s] INFO:colcon.colcon_core.shell:Creating prefix util module '/home/ethan/Desktop/LABA_ALONE/ros2_ws/install/_local_setup_util_ps1.py'
[1.837s] INFO:colcon.colcon_core.shell:Creating prefix chain script '/home/ethan/Desktop/LABA_ALONE/ros2_ws/install/setup.ps1'
[1.839s] INFO:colcon.colcon_core.shell:Creating prefix script '/home/ethan/Desktop/LABA_ALONE/ros2_ws/install/local_setup.sh'
[1.839s] INFO:colcon.colcon_core.shell:Creating prefix util module '/home/ethan/Desktop/LABA_ALONE/ros2_ws/install/_local_setup_util_sh.py'
[1.840s] INFO:colcon.colcon_core.shell:Creating prefix chain script '/home/ethan/Desktop/LABA_ALONE/ros2_ws/install/setup.sh'
[1.841s] INFO:colcon.colcon_core.shell:Creating prefix script '/home/ethan/Desktop/LABA_ALONE/ros2_ws/install/local_setup.bash'
[1.841s] INFO:colcon.colcon_core.shell:Creating prefix chain script '/home/ethan/Desktop/LABA_ALONE/ros2_ws/install/setup.bash'
[1.843s] INFO:colcon.colcon_core.shell:Creating prefix script '/home/ethan/Desktop/LABA_ALONE/ros2_ws/install/local_setup.zsh'
[1.843s] INFO:colcon.colcon_core.shell:Creating prefix chain script '/home/ethan/Desktop/LABA_ALONE/ros2_ws/install/setup.zsh'
