running egg_info
creating ../../build/phase3_teleop/phase3_teleop.egg-info
writing ../../build/phase3_teleop/phase3_teleop.egg-info/PKG-INFO
writing dependency_links to ../../build/phase3_teleop/phase3_teleop.egg-info/dependency_links.txt
writing requirements to ../../build/phase3_teleop/phase3_teleop.egg-info/requires.txt
writing top-level names to ../../build/phase3_teleop/phase3_teleop.egg-info/top_level.txt
writing manifest file '../../build/phase3_teleop/phase3_teleop.egg-info/SOURCES.txt'
reading manifest file '../../build/phase3_teleop/phase3_teleop.egg-info/SOURCES.txt'
writing manifest file '../../build/phase3_teleop/phase3_teleop.egg-info/SOURCES.txt'
running build
running build_py
creating /home/ethan/Desktop/LABA_ALONE/ros2_ws/build/phase3_teleop/build
creating /home/ethan/Desktop/LABA_ALONE/ros2_ws/build/phase3_teleop/build/lib
creating /home/ethan/Desktop/LABA_ALONE/ros2_ws/build/phase3_teleop/build/lib/phase3_teleop
copying phase3_teleop/__init__.py -> /home/ethan/Desktop/LABA_ALONE/ros2_ws/build/phase3_teleop/build/lib/phase3_teleop
copying phase3_teleop/keyboard_cmd_vel.py -> /home/ethan/Desktop/LABA_ALONE/ros2_ws/build/phase3_teleop/build/lib/phase3_teleop
running install
running install_lib
creating /home/ethan/Desktop/LABA_ALONE/ros2_ws/install/phase3_teleop/lib/python3.12/site-packages/phase3_teleop
copying /home/ethan/Desktop/LABA_ALONE/ros2_ws/build/phase3_teleop/build/lib/phase3_teleop/__init__.py -> /home/ethan/Desktop/LABA_ALONE/ros2_ws/install/phase3_teleop/lib/python3.12/site-packages/phase3_teleop
copying /home/ethan/Desktop/LABA_ALONE/ros2_ws/build/phase3_teleop/build/lib/phase3_teleop/keyboard_cmd_vel.py -> /home/ethan/Desktop/LABA_ALONE/ros2_ws/install/phase3_teleop/lib/python3.12/site-packages/phase3_teleop
byte-compiling /home/ethan/Desktop/LABA_ALONE/ros2_ws/install/phase3_teleop/lib/python3.12/site-packages/phase3_teleop/__init__.py to __init__.cpython-312.pyc
byte-compiling /home/ethan/Desktop/LABA_ALONE/ros2_ws/install/phase3_teleop/lib/python3.12/site-packages/phase3_teleop/keyboard_cmd_vel.py to keyboard_cmd_vel.cpython-312.pyc
running install_data
creating /home/ethan/Desktop/LABA_ALONE/ros2_ws/install/phase3_teleop/share/ament_index
creating /home/ethan/Desktop/LABA_ALONE/ros2_ws/install/phase3_teleop/share/ament_index/resource_index
creating /home/ethan/Desktop/LABA_ALONE/ros2_ws/install/phase3_teleop/share/ament_index/resource_index/packages
copying resource/phase3_teleop -> /home/ethan/Desktop/LABA_ALONE/ros2_ws/install/phase3_teleop/share/ament_index/resource_index/packages
copying package.xml -> /home/ethan/Desktop/LABA_ALONE/ros2_ws/install/phase3_teleop/share/phase3_teleop
running install_egg_info
Copying ../../build/phase3_teleop/phase3_teleop.egg-info to /home/ethan/Desktop/LABA_ALONE/ros2_ws/install/phase3_teleop/lib/python3.12/site-packages/phase3_teleop-0.0.0-py3.12.egg-info
running install_scripts
writing list of installed files to '/home/ethan/Desktop/LABA_ALONE/ros2_ws/build/phase3_teleop/install.log'
