[1.342s] Invoking command in '/home/ethan/Desktop/LABA_ALONE/ros2_ws/src/phase3_teleop': DEBUGINFOD_URLS=https://debuginfod.ubuntu.com PYTHONPATH=/home/ethan/Desktop/LABA_ALONE/ros2_ws/build/phase3_teleop/prefix_override:/usr/lib/python3/dist-packages/colcon_core/task/python/colcon_distutils_commands:/home/ethan/Desktop/LABA_ALONE/ros2_ws/install/phase3_teleop/lib/python3.12/site-packages:${PYTHONPATH} /usr/bin/python3 -W ignore:setup.py install is deprecated -W ignore:easy_install command is deprecated setup.py egg_info --egg-base ../../build/phase3_teleop build --build-base /home/ethan/Desktop/LABA_ALONE/ros2_ws/build/phase3_teleop/build install --record /home/ethan/Desktop/LABA_ALONE/ros2_ws/build/phase3_teleop/install.log --single-version-externally-managed install_data
[1.600s] running egg_info
[1.600s] creating ../../build/phase3_teleop/phase3_teleop.egg-info
[1.614s] writing ../../build/phase3_teleop/phase3_teleop.egg-info/PKG-INFO
[1.614s] writing dependency_links to ../../build/phase3_teleop/phase3_teleop.egg-info/dependency_links.txt
[1.614s] writing requirements to ../../build/phase3_teleop/phase3_teleop.egg-info/requires.txt
[1.615s] writing top-level names to ../../build/phase3_teleop/phase3_teleop.egg-info/top_level.txt
[1.615s] writing manifest file '../../build/phase3_teleop/phase3_teleop.egg-info/SOURCES.txt'
[1.661s] reading manifest file '../../build/phase3_teleop/phase3_teleop.egg-info/SOURCES.txt'
[1.661s] writing manifest file '../../build/phase3_teleop/phase3_teleop.egg-info/SOURCES.txt'
[1.661s] running build
[1.662s] running build_py
[1.663s] creating /home/ethan/Desktop/LABA_ALONE/ros2_ws/build/phase3_teleop/build
[1.664s] creating /home/ethan/Desktop/LABA_ALONE/ros2_ws/build/phase3_teleop/build/lib
[1.664s] creating /home/ethan/Desktop/LABA_ALONE/ros2_ws/build/phase3_teleop/build/lib/phase3_teleop
[1.664s] copying phase3_teleop/__init__.py -> /home/ethan/Desktop/LABA_ALONE/ros2_ws/build/phase3_teleop/build/lib/phase3_teleop
[1.665s] copying phase3_teleop/keyboard_cmd_vel.py -> /home/ethan/Desktop/LABA_ALONE/ros2_ws/build/phase3_teleop/build/lib/phase3_teleop
[1.665s] running install
[1.672s] running install_lib
[1.685s] creating /home/ethan/Desktop/LABA_ALONE/ros2_ws/install/phase3_teleop/lib/python3.12/site-packages/phase3_teleop
[1.685s] copying /home/ethan/Desktop/LABA_ALONE/ros2_ws/build/phase3_teleop/build/lib/phase3_teleop/__init__.py -> /home/ethan/Desktop/LABA_ALONE/ros2_ws/install/phase3_teleop/lib/python3.12/site-packages/phase3_teleop
[1.691s] copying /home/ethan/Desktop/LABA_ALONE/ros2_ws/build/phase3_teleop/build/lib/phase3_teleop/keyboard_cmd_vel.py -> /home/ethan/Desktop/LABA_ALONE/ros2_ws/install/phase3_teleop/lib/python3.12/site-packages/phase3_teleop
[1.691s] byte-compiling /home/ethan/Desktop/LABA_ALONE/ros2_ws/install/phase3_teleop/lib/python3.12/site-packages/phase3_teleop/__init__.py to __init__.cpython-312.pyc
[1.691s] byte-compiling /home/ethan/Desktop/LABA_ALONE/ros2_ws/install/phase3_teleop/lib/python3.12/site-packages/phase3_teleop/keyboard_cmd_vel.py to keyboard_cmd_vel.cpython-312.pyc
[1.691s] running install_data
[1.691s] creating /home/ethan/Desktop/LABA_ALONE/ros2_ws/install/phase3_teleop/share/ament_index
[1.694s] creating /home/ethan/Desktop/LABA_ALONE/ros2_ws/install/phase3_teleop/share/ament_index/resource_index
[1.694s] creating /home/ethan/Desktop/LABA_ALONE/ros2_ws/install/phase3_teleop/share/ament_index/resource_index/packages
[1.694s] copying resource/phase3_teleop -> /home/ethan/Desktop/LABA_ALONE/ros2_ws/install/phase3_teleop/share/ament_index/resource_index/packages
[1.694s] copying package.xml -> /home/ethan/Desktop/LABA_ALONE/ros2_ws/install/phase3_teleop/share/phase3_teleop
[1.694s] running install_egg_info
[1.704s] Copying ../../build/phase3_teleop/phase3_teleop.egg-info to /home/ethan/Desktop/LABA_ALONE/ros2_ws/install/phase3_teleop/lib/python3.12/site-packages/phase3_teleop-0.0.0-py3.12.egg-info
[1.706s] running install_scripts
[1.830s] writing list of installed files to '/home/ethan/Desktop/LABA_ALONE/ros2_ws/build/phase3_teleop/install.log'
[1.870s] Invoked command in '/home/ethan/Desktop/LABA_ALONE/ros2_ws/src/phase3_teleop' returned '0': DEBUGINFOD_URLS=https://debuginfod.ubuntu.com PYTHONPATH=/home/ethan/Desktop/LABA_ALONE/ros2_ws/build/phase3_teleop/prefix_override:/usr/lib/python3/dist-packages/colcon_core/task/python/colcon_distutils_commands:/home/ethan/Desktop/LABA_ALONE/ros2_ws/install/phase3_teleop/lib/python3.12/site-packages:${PYTHONPATH} /usr/bin/python3 -W ignore:setup.py install is deprecated -W ignore:easy_install command is deprecated setup.py egg_info --egg-base ../../build/phase3_teleop build --build-base /home/ethan/Desktop/LABA_ALONE/ros2_ws/build/phase3_teleop/build install --record /home/ethan/Desktop/LABA_ALONE/ros2_ws/build/phase3_teleop/install.log --single-version-externally-managed install_data
