[1.078s] Invoking command in '/home/ethan/Desktop/LABA_ALONE/ros2_ws/src/phase3_teleop': DEBUGINFOD_URLS=https://debuginfod.ubuntu.com PYTHONPATH=/home/ethan/Desktop/LABA_ALONE/ros2_ws/build/phase3_teleop/prefix_override:/usr/lib/python3/dist-packages/colcon_core/task/python/colcon_distutils_commands:/home/ethan/Desktop/LABA_ALONE/ros2_ws/install/phase3_teleop/lib/python3.12/site-packages:${PYTHONPATH} /usr/bin/python3 -W ignore:setup.py install is deprecated -W ignore:easy_install command is deprecated setup.py egg_info --egg-base ../../build/phase3_teleop build --build-base /home/ethan/Desktop/LABA_ALONE/ros2_ws/build/phase3_teleop/build install --record /home/ethan/Desktop/LABA_ALONE/ros2_ws/build/phase3_teleop/install.log --single-version-externally-managed install_data
[1.283s] running egg_info
[1.291s] writing ../../build/phase3_teleop/phase3_teleop.egg-info/PKG-INFO
[1.292s] writing dependency_links to ../../build/phase3_teleop/phase3_teleop.egg-info/dependency_links.txt
[1.292s] writing entry points to ../../build/phase3_teleop/phase3_teleop.egg-info/entry_points.txt
[1.292s] writing requirements to ../../build/phase3_teleop/phase3_teleop.egg-info/requires.txt
[1.292s] writing top-level names to ../../build/phase3_teleop/phase3_teleop.egg-info/top_level.txt
[1.322s] reading manifest file '../../build/phase3_teleop/phase3_teleop.egg-info/SOURCES.txt'
[1.326s] writing manifest file '../../build/phase3_teleop/phase3_teleop.egg-info/SOURCES.txt'
[1.326s] running build
[1.326s] running build_py
[1.326s] running install
[1.333s] running install_lib
[1.346s] running install_data
[1.347s] running install_egg_info
[1.360s] removing '/home/ethan/Desktop/LABA_ALONE/ros2_ws/install/phase3_teleop/lib/python3.12/site-packages/phase3_teleop-0.0.0-py3.12.egg-info' (and everything under it)
[1.363s] Copying ../../build/phase3_teleop/phase3_teleop.egg-info to /home/ethan/Desktop/LABA_ALONE/ros2_ws/install/phase3_teleop/lib/python3.12/site-packages/phase3_teleop-0.0.0-py3.12.egg-info
[1.367s] running install_scripts
[1.485s] Installing keyboard_cmd_vel script to /home/ethan/Desktop/LABA_ALONE/ros2_ws/install/phase3_teleop/lib/phase3_teleop
[1.485s] writing list of installed files to '/home/ethan/Desktop/LABA_ALONE/ros2_ws/build/phase3_teleop/install.log'
[1.536s] Invoked command in '/home/ethan/Desktop/LABA_ALONE/ros2_ws/src/phase3_teleop' returned '0': DEBUGINFOD_URLS=https://debuginfod.ubuntu.com PYTHONPATH=/home/ethan/Desktop/LABA_ALONE/ros2_ws/build/phase3_teleop/prefix_override:/usr/lib/python3/dist-packages/colcon_core/task/python/colcon_distutils_commands:/home/ethan/Desktop/LABA_ALONE/ros2_ws/install/phase3_teleop/lib/python3.12/site-packages:${PYTHONPATH} /usr/bin/python3 -W ignore:setup.py install is deprecated -W ignore:easy_install command is deprecated setup.py egg_info --egg-base ../../build/phase3_teleop build --build-base /home/ethan/Desktop/LABA_ALONE/ros2_ws/build/phase3_teleop/build install --record /home/ethan/Desktop/LABA_ALONE/ros2_ws/build/phase3_teleop/install.log --single-version-externally-managed install_data
