[0.976s] Invoking command in '/home/ethan/Desktop/LABA_ALONE/ros2_ws/src/robot_control': DEBUGINFOD_URLS=https://debuginfod.ubuntu.com PYTHONPATH=/home/ethan/Desktop/LABA_ALONE/ros2_ws/build/robot_control/prefix_override:/usr/lib/python3/dist-packages/colcon_core/task/python/colcon_distutils_commands:/home/ethan/Desktop/LABA_ALONE/ros2_ws/install/robot_control/lib/python3.12/site-packages:${PYTHONPATH} /usr/bin/python3 -W ignore:setup.py install is deprecated -W ignore:easy_install command is deprecated setup.py egg_info --egg-base ../../build/robot_control build --build-base /home/ethan/Desktop/LABA_ALONE/ros2_ws/build/robot_control/build install --record /home/ethan/Desktop/LABA_ALONE/ros2_ws/build/robot_control/install.log --single-version-externally-managed install_data
[1.227s] running egg_info
[1.240s] writing ../../build/robot_control/robot_control.egg-info/PKG-INFO
[1.241s] writing dependency_links to ../../build/robot_control/robot_control.egg-info/dependency_links.txt
[1.241s] writing entry points to ../../build/robot_control/robot_control.egg-info/entry_points.txt
[1.241s] writing requirements to ../../build/robot_control/robot_control.egg-info/requires.txt
[1.242s] writing top-level names to ../../build/robot_control/robot_control.egg-info/top_level.txt
[1.270s] reading manifest file '../../build/robot_control/robot_control.egg-info/SOURCES.txt'
[1.271s] writing manifest file '../../build/robot_control/robot_control.egg-info/SOURCES.txt'
[1.271s] running build
[1.271s] running build_py
[1.272s] running install
[1.278s] running install_lib
[1.293s] running install_data
[1.293s] running install_egg_info
[1.309s] removing '/home/ethan/Desktop/LABA_ALONE/ros2_ws/install/robot_control/lib/python3.12/site-packages/robot_control-0.0.0-py3.12.egg-info' (and everything under it)
[1.310s] Copying ../../build/robot_control/robot_control.egg-info to /home/ethan/Desktop/LABA_ALONE/ros2_ws/install/robot_control/lib/python3.12/site-packages/robot_control-0.0.0-py3.12.egg-info
[1.311s] running install_scripts
[1.421s] Installing keyboard_cmd_vel script to /home/ethan/Desktop/LABA_ALONE/ros2_ws/install/robot_control/lib/robot_control
[1.421s] writing list of installed files to '/home/ethan/Desktop/LABA_ALONE/ros2_ws/build/robot_control/install.log'
[1.449s] Invoked command in '/home/ethan/Desktop/LABA_ALONE/ros2_ws/src/robot_control' returned '0': DEBUGINFOD_URLS=https://debuginfod.ubuntu.com PYTHONPATH=/home/ethan/Desktop/LABA_ALONE/ros2_ws/build/robot_control/prefix_override:/usr/lib/python3/dist-packages/colcon_core/task/python/colcon_distutils_commands:/home/ethan/Desktop/LABA_ALONE/ros2_ws/install/robot_control/lib/python3.12/site-packages:${PYTHONPATH} /usr/bin/python3 -W ignore:setup.py install is deprecated -W ignore:easy_install command is deprecated setup.py egg_info --egg-base ../../build/robot_control build --build-base /home/ethan/Desktop/LABA_ALONE/ros2_ws/build/robot_control/build install --record /home/ethan/Desktop/LABA_ALONE/ros2_ws/build/robot_control/install.log --single-version-externally-managed install_data
