[1.115s] Invoking command in '/home/ethan/Desktop/LABA_ALONE/ros2_ws/src/robot_control': DEBUGINFOD_URLS=https://debuginfod.ubuntu.com PYTHONPATH=/home/ethan/Desktop/LABA_ALONE/ros2_ws/build/robot_control/prefix_override:/usr/lib/python3/dist-packages/colcon_core/task/python/colcon_distutils_commands:/home/ethan/Desktop/LABA_ALONE/ros2_ws/install/robot_control/lib/python3.12/site-packages:${PYTHONPATH} /usr/bin/python3 -W ignore:setup.py install is deprecated -W ignore:easy_install command is deprecated setup.py egg_info --egg-base ../../build/robot_control build --build-base /home/ethan/Desktop/LABA_ALONE/ros2_ws/build/robot_control/build install --record /home/ethan/Desktop/LABA_ALONE/ros2_ws/build/robot_control/install.log --single-version-externally-managed install_data
[1.379s] running egg_info
[1.380s] creating ../../build/robot_control/robot_control.egg-info
[1.397s] writing ../../build/robot_control/robot_control.egg-info/PKG-INFO
[1.398s] writing dependency_links to ../../build/robot_control/robot_control.egg-info/dependency_links.txt
[1.398s] writing requirements to ../../build/robot_control/robot_control.egg-info/requires.txt
[1.398s] writing top-level names to ../../build/robot_control/robot_control.egg-info/top_level.txt
[1.398s] writing manifest file '../../build/robot_control/robot_control.egg-info/SOURCES.txt'
[1.431s] reading manifest file '../../build/robot_control/robot_control.egg-info/SOURCES.txt'
[1.432s] writing manifest file '../../build/robot_control/robot_control.egg-info/SOURCES.txt'
[1.433s] running build
[1.433s] running build_py
[1.433s] creating /home/ethan/Desktop/LABA_ALONE/ros2_ws/build/robot_control/build
[1.433s] creating /home/ethan/Desktop/LABA_ALONE/ros2_ws/build/robot_control/build/lib
[1.435s] creating /home/ethan/Desktop/LABA_ALONE/ros2_ws/build/robot_control/build/lib/robot_control
[1.435s] copying robot_control/__init__.py -> /home/ethan/Desktop/LABA_ALONE/ros2_ws/build/robot_control/build/lib/robot_control
[1.436s] copying robot_control/keyboard_cmd_vel.py -> /home/ethan/Desktop/LABA_ALONE/ros2_ws/build/robot_control/build/lib/robot_control
[1.436s] running install
[1.445s] running install_lib
[1.464s] creating /home/ethan/Desktop/LABA_ALONE/ros2_ws/install/robot_control/lib/python3.12/site-packages/robot_control
[1.465s] copying /home/ethan/Desktop/LABA_ALONE/ros2_ws/build/robot_control/build/lib/robot_control/__init__.py -> /home/ethan/Desktop/LABA_ALONE/ros2_ws/install/robot_control/lib/python3.12/site-packages/robot_control
[1.465s] copying /home/ethan/Desktop/LABA_ALONE/ros2_ws/build/robot_control/build/lib/robot_control/keyboard_cmd_vel.py -> /home/ethan/Desktop/LABA_ALONE/ros2_ws/install/robot_control/lib/python3.12/site-packages/robot_control
[1.466s] byte-compiling /home/ethan/Desktop/LABA_ALONE/ros2_ws/install/robot_control/lib/python3.12/site-packages/robot_control/__init__.py to __init__.cpython-312.pyc
[1.466s] byte-compiling /home/ethan/Desktop/LABA_ALONE/ros2_ws/install/robot_control/lib/python3.12/site-packages/robot_control/keyboard_cmd_vel.py to keyboard_cmd_vel.cpython-312.pyc
[1.467s] running install_data
[1.468s] creating /home/ethan/Desktop/LABA_ALONE/ros2_ws/install/robot_control/share/ament_index
[1.468s] creating /home/ethan/Desktop/LABA_ALONE/ros2_ws/install/robot_control/share/ament_index/resource_index
[1.468s] creating /home/ethan/Desktop/LABA_ALONE/ros2_ws/install/robot_control/share/ament_index/resource_index/packages
[1.468s] copying resource/robot_control -> /home/ethan/Desktop/LABA_ALONE/ros2_ws/install/robot_control/share/ament_index/resource_index/packages
[1.468s] copying package.xml -> /home/ethan/Desktop/LABA_ALONE/ros2_ws/install/robot_control/share/robot_control
[1.468s] running install_egg_info
[1.485s] Copying ../../build/robot_control/robot_control.egg-info to /home/ethan/Desktop/LABA_ALONE/ros2_ws/install/robot_control/lib/python3.12/site-packages/robot_control-0.0.0-py3.12.egg-info
[1.486s] running install_scripts
[1.626s] writing list of installed files to '/home/ethan/Desktop/LABA_ALONE/ros2_ws/build/robot_control/install.log'
[1.677s] Invoked command in '/home/ethan/Desktop/LABA_ALONE/ros2_ws/src/robot_control' returned '0': DEBUGINFOD_URLS=https://debuginfod.ubuntu.com PYTHONPATH=/home/ethan/Desktop/LABA_ALONE/ros2_ws/build/robot_control/prefix_override:/usr/lib/python3/dist-packages/colcon_core/task/python/colcon_distutils_commands:/home/ethan/Desktop/LABA_ALONE/ros2_ws/install/robot_control/lib/python3.12/site-packages:${PYTHONPATH} /usr/bin/python3 -W ignore:setup.py install is deprecated -W ignore:easy_install command is deprecated setup.py egg_info --egg-base ../../build/robot_control build --build-base /home/ethan/Desktop/LABA_ALONE/ros2_ws/build/robot_control/build install --record /home/ethan/Desktop/LABA_ALONE/ros2_ws/build/robot_control/install.log --single-version-externally-managed install_data
