running egg_info
writing ../../build/phase3_teleop/phase3_teleop.egg-info/PKG-INFO
writing dependency_links to ../../build/phase3_teleop/phase3_teleop.egg-info/dependency_links.txt
writing entry points to ../../build/phase3_teleop/phase3_teleop.egg-info/entry_points.txt
writing requirements to ../../build/phase3_teleop/phase3_teleop.egg-info/requires.txt
writing top-level names to ../../build/phase3_teleop/phase3_teleop.egg-info/top_level.txt
reading manifest file '../../build/phase3_teleop/phase3_teleop.egg-info/SOURCES.txt'
writing manifest file '../../build/phase3_teleop/phase3_teleop.egg-info/SOURCES.txt'
running build
running build_py
copying phase3_teleop/keyboard_cmd_vel.py -> /home/ethan/Desktop/LABA_ALONE/ros2_ws/build/phase3_teleop/build/lib/phase3_teleop
running install
running install_lib
copying /home/ethan/Desktop/LABA_ALONE/ros2_ws/build/phase3_teleop/build/lib/phase3_teleop/keyboard_cmd_vel.py -> /home/ethan/Desktop/LABA_ALONE/ros2_ws/install/phase3_teleop/lib/python3.12/site-packages/phase3_teleop
byte-compiling /home/ethan/Desktop/LABA_ALONE/ros2_ws/install/phase3_teleop/lib/python3.12/site-packages/phase3_teleop/keyboard_cmd_vel.py to keyboard_cmd_vel.cpython-312.pyc
running install_data
running install_egg_info
removing '/home/ethan/Desktop/LABA_ALONE/ros2_ws/install/phase3_teleop/lib/python3.12/site-packages/phase3_teleop-0.0.0-py3.12.egg-info' (and everything under it)
Copying ../../build/phase3_teleop/phase3_teleop.egg-info to /home/ethan/Desktop/LABA_ALONE/ros2_ws/install/phase3_teleop/lib/python3.12/site-packages/phase3_teleop-0.0.0-py3.12.egg-info
running install_scripts
Installing keyboard_cmd_vel script to /home/ethan/Desktop/LABA_ALONE/ros2_ws/install/phase3_teleop/lib/phase3_teleop
writing list of installed files to '/home/ethan/Desktop/LABA_ALONE/ros2_ws/build/phase3_teleop/install.log'
